[debug] [2018-06-20T13:25:04.580Z] ----------------------------------------------------------------------
[debug] [2018-06-20T13:25:04.582Z] Command:       /usr/local/bin/node /usr/local/bin/firebase serve
[debug] [2018-06-20T13:25:04.582Z] CLI Version:   3.18.6
[debug] [2018-06-20T13:25:04.582Z] Platform:      darwin
[debug] [2018-06-20T13:25:04.582Z] Node Version:  v8.11.2
[debug] [2018-06-20T13:25:04.583Z] Time:          Wed Jun 20 2018 18:55:04 GMT+0530 (IST)
[debug] [2018-06-20T13:25:04.583Z] ----------------------------------------------------------------------
[debug] 
[debug] [2018-06-20T13:25:04.601Z] > command requires scopes: ["email","openid","https://www.googleapis.com/auth/cloudplatformprojects.readonly","https://www.googleapis.com/auth/firebase","https://www.googleapis.com/auth/cloud-platform"]
[debug] [2018-06-20T13:25:04.601Z] > authorizing via signed-in user
[debug] [2018-06-20T13:25:04.604Z] >>> HTTP REQUEST GET https://admin.firebase.com/v1/projects/pwa-firebase-auth  
  
 Wed Jun 20 2018 18:55:04 GMT+0530 (IST)
[debug] [2018-06-20T13:25:05.754Z] <<< HTTP RESPONSE 200
[debug] [2018-06-20T13:25:05.755Z] >>> HTTP REQUEST GET https://admin.firebase.com/v1/database/pwa-firebase-auth/tokens  
  
 Wed Jun 20 2018 18:55:05 GMT+0530 (IST)
[debug] [2018-06-20T13:25:06.740Z] <<< HTTP RESPONSE 200
[debug] [2018-06-20T13:25:06.742Z] >>> HTTP REQUEST GET https://cloudresourcemanager.googleapis.com/v1/projects/pwa-firebase-auth  
  
 Wed Jun 20 2018 18:55:06 GMT+0530 (IST)
[debug] [2018-06-20T13:25:08.198Z] <<< HTTP RESPONSE 200
[info] 
[info] === Serving from '/Users/joel.joyson/Documents/firebase-auth-react/pwa-firebase-exp'...
[info] 
[debug] [2018-06-20T13:25:08.200Z] >>> HTTP REQUEST GET https://mobilesdk-pa.googleapis.com/v1/projects/311383812751/clients/_:getWebAppConfig  
  
 Wed Jun 20 2018 18:55:08 GMT+0530 (IST)
[debug] [2018-06-20T13:25:09.135Z] <<< HTTP RESPONSE 200
[info] i  hosting: Serving hosting files from: build
[info] ✔  hosting: Local server: http://localhost:5000

[debug] [2018-06-20T13:28:41.137Z] ----------------------------------------------------------------------
[debug] [2018-06-20T13:28:41.139Z] Command:       /usr/local/bin/node /usr/local/bin/firebase serve
[debug] [2018-06-20T13:28:41.140Z] CLI Version:   3.18.6
[debug] [2018-06-20T13:28:41.140Z] Platform:      darwin
[debug] [2018-06-20T13:28:41.140Z] Node Version:  v8.11.2
[debug] [2018-06-20T13:28:41.140Z] Time:          Wed Jun 20 2018 18:58:41 GMT+0530 (IST)
[debug] [2018-06-20T13:28:41.140Z] ----------------------------------------------------------------------
[debug] 
[debug] [2018-06-20T13:28:41.151Z] > command requires scopes: ["email","openid","https://www.googleapis.com/auth/cloudplatformprojects.readonly","https://www.googleapis.com/auth/firebase","https://www.googleapis.com/auth/cloud-platform"]
[debug] [2018-06-20T13:28:41.151Z] > authorizing via signed-in user
[debug] [2018-06-20T13:28:41.153Z] >>> HTTP REQUEST GET https://admin.firebase.com/v1/projects/pwa-firebase-auth  
  
 Wed Jun 20 2018 18:58:41 GMT+0530 (IST)
[debug] [2018-06-20T13:28:42.451Z] <<< HTTP RESPONSE 200
[debug] [2018-06-20T13:28:42.452Z] >>> HTTP REQUEST GET https://admin.firebase.com/v1/database/pwa-firebase-auth/tokens  
  
 Wed Jun 20 2018 18:58:42 GMT+0530 (IST)
[debug] [2018-06-20T13:28:43.476Z] <<< HTTP RESPONSE 200
[debug] [2018-06-20T13:28:43.477Z] >>> HTTP REQUEST GET https://cloudresourcemanager.googleapis.com/v1/projects/pwa-firebase-auth  
  
 Wed Jun 20 2018 18:58:43 GMT+0530 (IST)
[debug] [2018-06-20T13:28:44.945Z] <<< HTTP RESPONSE 200
[info] 
[info] === Serving from '/Users/joel.joyson/Documents/firebase-auth-react/pwa-firebase-exp'...
[info] 
[debug] [2018-06-20T13:28:44.947Z] >>> HTTP REQUEST GET https://mobilesdk-pa.googleapis.com/v1/projects/311383812751/clients/_:getWebAppConfig  
  
 Wed Jun 20 2018 18:58:44 GMT+0530 (IST)
[debug] [2018-06-20T13:28:45.622Z] <<< HTTP RESPONSE 200
[warn] ⚠  hosting: Port 5000 is not available. Trying another port...
[debug] [2018-06-20T13:28:45.638Z] >>> HTTP REQUEST GET https://mobilesdk-pa.googleapis.com/v1/projects/311383812751/clients/_:getWebAppConfig  
  
 Wed Jun 20 2018 18:58:45 GMT+0530 (IST)
[debug] [2018-06-20T13:28:46.340Z] <<< HTTP RESPONSE 200
[info] i  hosting: Serving hosting files from: build
[info] ✔  hosting: Local server: http://localhost:5004

[debug] [2018-06-20T13:32:30.424Z] ----------------------------------------------------------------------
[debug] [2018-06-20T13:32:30.426Z] Command:       /usr/local/bin/node /usr/local/bin/firebase serve
[debug] [2018-06-20T13:32:30.426Z] CLI Version:   3.18.6
[debug] [2018-06-20T13:32:30.426Z] Platform:      darwin
[debug] [2018-06-20T13:32:30.426Z] Node Version:  v8.11.2
[debug] [2018-06-20T13:32:30.427Z] Time:          Wed Jun 20 2018 19:02:30 GMT+0530 (IST)
[debug] [2018-06-20T13:32:30.427Z] ----------------------------------------------------------------------
[debug] 
[debug] [2018-06-20T13:32:30.437Z] > command requires scopes: ["email","openid","https://www.googleapis.com/auth/cloudplatformprojects.readonly","https://www.googleapis.com/auth/firebase","https://www.googleapis.com/auth/cloud-platform"]
[debug] [2018-06-20T13:32:30.437Z] > authorizing via signed-in user
[debug] [2018-06-20T13:32:30.439Z] >>> HTTP REQUEST GET https://admin.firebase.com/v1/projects/pwa-firebase-auth  
  
 Wed Jun 20 2018 19:02:30 GMT+0530 (IST)
[debug] [2018-06-20T13:32:31.694Z] <<< HTTP RESPONSE 200
[debug] [2018-06-20T13:32:31.694Z] >>> HTTP REQUEST GET https://admin.firebase.com/v1/database/pwa-firebase-auth/tokens  
  
 Wed Jun 20 2018 19:02:31 GMT+0530 (IST)
[debug] [2018-06-20T13:33:52.026Z] ----------------------------------------------------------------------
[debug] [2018-06-20T13:33:52.030Z] Command:       /usr/local/bin/node /usr/local/bin/firebase serve
[debug] [2018-06-20T13:33:52.030Z] CLI Version:   3.18.6
[debug] [2018-06-20T13:33:52.030Z] Platform:      darwin
[debug] [2018-06-20T13:33:52.031Z] Node Version:  v8.11.2
[debug] [2018-06-20T13:33:52.031Z] Time:          Wed Jun 20 2018 19:03:52 GMT+0530 (IST)
[debug] [2018-06-20T13:33:52.031Z] ----------------------------------------------------------------------
[debug] 
[debug] [2018-06-20T13:33:52.046Z] > command requires scopes: ["email","openid","https://www.googleapis.com/auth/cloudplatformprojects.readonly","https://www.googleapis.com/auth/firebase","https://www.googleapis.com/auth/cloud-platform"]
[debug] [2018-06-20T13:33:52.047Z] > authorizing via signed-in user
[debug] [2018-06-20T13:33:52.048Z] >>> HTTP REQUEST GET https://admin.firebase.com/v1/projects/pwa-firebase-auth  
  
 Wed Jun 20 2018 19:03:52 GMT+0530 (IST)
[debug] [2018-06-20T13:33:53.249Z] <<< HTTP RESPONSE 200
[debug] [2018-06-20T13:33:53.250Z] >>> HTTP REQUEST GET https://admin.firebase.com/v1/database/pwa-firebase-auth/tokens  
  
 Wed Jun 20 2018 19:03:53 GMT+0530 (IST)
[debug] [2018-06-20T13:33:54.274Z] <<< HTTP RESPONSE 200
[debug] [2018-06-20T13:33:54.275Z] >>> HTTP REQUEST GET https://cloudresourcemanager.googleapis.com/v1/projects/pwa-firebase-auth  
  
 Wed Jun 20 2018 19:03:54 GMT+0530 (IST)
[debug] [2018-06-20T13:33:55.728Z] <<< HTTP RESPONSE 200
[info] 
[info] === Serving from '/Users/joel.joyson/Documents/firebase-auth-react/pwa-firebase-exp'...
[info] 
[debug] [2018-06-20T13:33:55.730Z] >>> HTTP REQUEST GET https://mobilesdk-pa.googleapis.com/v1/projects/311383812751/clients/_:getWebAppConfig  
  
 Wed Jun 20 2018 19:03:55 GMT+0530 (IST)
[debug] [2018-06-20T13:33:56.617Z] <<< HTTP RESPONSE 200
[info] i  hosting: Serving hosting files from: build
[info] ✔  hosting: Local server: http://localhost:5000

[debug] [2018-06-20T13:37:58.105Z] ----------------------------------------------------------------------
[debug] [2018-06-20T13:37:58.107Z] Command:       /usr/local/bin/node /usr/local/bin/firebase serve
[debug] [2018-06-20T13:37:58.107Z] CLI Version:   3.18.6
[debug] [2018-06-20T13:37:58.107Z] Platform:      darwin
[debug] [2018-06-20T13:37:58.107Z] Node Version:  v8.11.2
[debug] [2018-06-20T13:37:58.108Z] Time:          Wed Jun 20 2018 19:07:58 GMT+0530 (IST)
[debug] [2018-06-20T13:37:58.108Z] ----------------------------------------------------------------------
[debug] 
[debug] [2018-06-20T13:37:58.117Z] > command requires scopes: ["email","openid","https://www.googleapis.com/auth/cloudplatformprojects.readonly","https://www.googleapis.com/auth/firebase","https://www.googleapis.com/auth/cloud-platform"]
[debug] [2018-06-20T13:37:58.117Z] > authorizing via signed-in user
[debug] [2018-06-20T13:37:58.119Z] >>> HTTP REQUEST GET https://admin.firebase.com/v1/projects/pwa-firebase-auth  
  
 Wed Jun 20 2018 19:07:58 GMT+0530 (IST)
[debug] [2018-06-20T13:37:59.507Z] <<< HTTP RESPONSE 200
[debug] [2018-06-20T13:37:59.507Z] >>> HTTP REQUEST GET https://admin.firebase.com/v1/database/pwa-firebase-auth/tokens  
  
 Wed Jun 20 2018 19:07:59 GMT+0530 (IST)
[debug] [2018-06-20T13:38:00.630Z] <<< HTTP RESPONSE 200
[debug] [2018-06-20T13:38:00.631Z] >>> HTTP REQUEST GET https://cloudresourcemanager.googleapis.com/v1/projects/pwa-firebase-auth  
  
 Wed Jun 20 2018 19:08:00 GMT+0530 (IST)
[debug] [2018-06-20T13:38:02.186Z] <<< HTTP RESPONSE 200
[info] 
[info] === Serving from '/Users/joel.joyson/Documents/firebase-auth-react/pwa-firebase-exp'...
[info] 
[debug] [2018-06-20T13:38:02.188Z] >>> HTTP REQUEST GET https://mobilesdk-pa.googleapis.com/v1/projects/311383812751/clients/_:getWebAppConfig  
  
 Wed Jun 20 2018 19:08:02 GMT+0530 (IST)
[debug] [2018-06-20T13:38:02.993Z] <<< HTTP RESPONSE 200
[info] i  hosting: Serving hosting files from: build
[info] ✔  hosting: Local server: http://localhost:5000

[debug] [2018-06-20T13:39:29.177Z] ----------------------------------------------------------------------
[debug] [2018-06-20T13:39:29.179Z] Command:       /usr/local/bin/node /usr/local/bin/firebase serve
[debug] [2018-06-20T13:39:29.179Z] CLI Version:   3.18.6
[debug] [2018-06-20T13:39:29.179Z] Platform:      darwin
[debug] [2018-06-20T13:39:29.179Z] Node Version:  v8.11.2
[debug] [2018-06-20T13:39:29.180Z] Time:          Wed Jun 20 2018 19:09:29 GMT+0530 (IST)
[debug] [2018-06-20T13:39:29.180Z] ----------------------------------------------------------------------
[debug] 
[debug] [2018-06-20T13:39:29.189Z] > command requires scopes: ["email","openid","https://www.googleapis.com/auth/cloudplatformprojects.readonly","https://www.googleapis.com/auth/firebase","https://www.googleapis.com/auth/cloud-platform"]
[debug] [2018-06-20T13:39:29.190Z] > authorizing via signed-in user
[debug] [2018-06-20T13:39:29.191Z] >>> HTTP REQUEST GET https://admin.firebase.com/v1/projects/pwa-firebase-auth  
  
 Wed Jun 20 2018 19:09:29 GMT+0530 (IST)
[debug] [2018-06-20T13:39:31.708Z] <<< HTTP RESPONSE 200
[debug] [2018-06-20T13:39:31.709Z] >>> HTTP REQUEST GET https://admin.firebase.com/v1/database/pwa-firebase-auth/tokens  
  
 Wed Jun 20 2018 19:09:31 GMT+0530 (IST)
[debug] [2018-06-20T13:39:32.695Z] <<< HTTP RESPONSE 200
[debug] [2018-06-20T13:39:32.696Z] >>> HTTP REQUEST GET https://cloudresourcemanager.googleapis.com/v1/projects/pwa-firebase-auth  
  
 Wed Jun 20 2018 19:09:32 GMT+0530 (IST)
[debug] [2018-06-20T13:39:34.336Z] <<< HTTP RESPONSE 200
[info] 
[info] === Serving from '/Users/joel.joyson/Documents/firebase-auth-react/pwa-firebase-exp'...
[info] 
[debug] [2018-06-20T13:39:34.337Z] >>> HTTP REQUEST GET https://mobilesdk-pa.googleapis.com/v1/projects/311383812751/clients/_:getWebAppConfig  
  
 Wed Jun 20 2018 19:09:34 GMT+0530 (IST)
[debug] [2018-06-20T13:39:35.257Z] <<< HTTP RESPONSE 200
[info] i  hosting: Serving hosting files from: build
[info] ✔  hosting: Local server: http://localhost:5000

[debug] [2018-06-20T13:48:23.343Z] ----------------------------------------------------------------------
[debug] [2018-06-20T13:48:23.345Z] Command:       /usr/local/bin/node /usr/local/bin/firebase serve
[debug] [2018-06-20T13:48:23.345Z] CLI Version:   3.18.6
[debug] [2018-06-20T13:48:23.345Z] Platform:      darwin
[debug] [2018-06-20T13:48:23.345Z] Node Version:  v8.11.2
[debug] [2018-06-20T13:48:23.346Z] Time:          Wed Jun 20 2018 19:18:23 GMT+0530 (IST)
[debug] [2018-06-20T13:48:23.346Z] ----------------------------------------------------------------------
[debug] 
[debug] [2018-06-20T13:48:23.355Z] > command requires scopes: ["email","openid","https://www.googleapis.com/auth/cloudplatformprojects.readonly","https://www.googleapis.com/auth/firebase","https://www.googleapis.com/auth/cloud-platform"]
[debug] [2018-06-20T13:48:23.355Z] > authorizing via signed-in user
[debug] [2018-06-20T13:48:23.357Z] >>> HTTP REQUEST GET https://admin.firebase.com/v1/projects/pwa-firebase-auth  
  
 Wed Jun 20 2018 19:18:23 GMT+0530 (IST)
[debug] [2018-06-20T13:48:25.015Z] <<< HTTP RESPONSE 200
[debug] [2018-06-20T13:48:25.016Z] >>> HTTP REQUEST GET https://admin.firebase.com/v1/database/pwa-firebase-auth/tokens  
  
 Wed Jun 20 2018 19:18:25 GMT+0530 (IST)
[debug] [2018-06-20T13:48:25.979Z] <<< HTTP RESPONSE 200
[debug] [2018-06-20T13:48:25.981Z] >>> HTTP REQUEST GET https://cloudresourcemanager.googleapis.com/v1/projects/pwa-firebase-auth  
  
 Wed Jun 20 2018 19:18:25 GMT+0530 (IST)
[debug] [2018-06-20T13:48:27.422Z] <<< HTTP RESPONSE 200
[info] 
[info] === Serving from '/Users/joel.joyson/Documents/firebase-auth-react/pwa-firebase-exp'...
[info] 
[debug] [2018-06-20T13:48:27.424Z] >>> HTTP REQUEST GET https://mobilesdk-pa.googleapis.com/v1/projects/311383812751/clients/_:getWebAppConfig  
  
 Wed Jun 20 2018 19:18:27 GMT+0530 (IST)
[debug] [2018-06-20T13:48:28.316Z] <<< HTTP RESPONSE 200
[warn] ⚠  hosting: Port 5000 is not available. Trying another port...
[debug] [2018-06-20T13:48:28.338Z] >>> HTTP REQUEST GET https://mobilesdk-pa.googleapis.com/v1/projects/311383812751/clients/_:getWebAppConfig  
  
 Wed Jun 20 2018 19:18:28 GMT+0530 (IST)
[debug] [2018-06-20T13:48:29.118Z] <<< HTTP RESPONSE 200
[info] i  hosting: Serving hosting files from: build
[info] ✔  hosting: Local server: http://localhost:5004

[debug] [2018-06-20T14:03:09.851Z] ----------------------------------------------------------------------
[debug] [2018-06-20T14:03:09.853Z] Command:       /usr/local/bin/node /usr/local/bin/firebase serve
[debug] [2018-06-20T14:03:09.853Z] CLI Version:   3.18.6
[debug] [2018-06-20T14:03:09.853Z] Platform:      darwin
[debug] [2018-06-20T14:03:09.853Z] Node Version:  v8.11.2
[debug] [2018-06-20T14:03:09.854Z] Time:          Wed Jun 20 2018 19:33:09 GMT+0530 (IST)
[debug] [2018-06-20T14:03:09.854Z] ----------------------------------------------------------------------
[debug] 
[debug] [2018-06-20T14:03:09.863Z] > command requires scopes: ["email","openid","https://www.googleapis.com/auth/cloudplatformprojects.readonly","https://www.googleapis.com/auth/firebase","https://www.googleapis.com/auth/cloud-platform"]
[debug] [2018-06-20T14:03:09.863Z] > authorizing via signed-in user
[debug] [2018-06-20T14:03:09.865Z] > refreshing access token with scopes: ["email","https://www.googleapis.com/auth/cloud-platform","https://www.googleapis.com/auth/cloudplatformprojects.readonly","https://www.googleapis.com/auth/firebase","openid"]
[debug] [2018-06-20T14:03:09.865Z] >>> HTTP REQUEST POST https://www.googleapis.com/oauth2/v3/token  
 { refresh_token: '1/u-TGXF1UZK9xnp0I1RinpoAMdDwxzfhAjuw7I09BE8RVMDzY62ULBZ8hiqHPB-V8',
  client_id: '563584335869-fgrhgmd47bqnekij5i8b5pr03ho849e6.apps.googleusercontent.com',
  client_secret: 'j9iVZfS8kkCEFUPaAeJV0sAi',
  grant_type: 'refresh_token',
  scope: 'email https://www.googleapis.com/auth/cloud-platform https://www.googleapis.com/auth/cloudplatformprojects.readonly https://www.googleapis.com/auth/firebase openid' } 
 Wed Jun 20 2018 19:33:09 GMT+0530 (IST)
[debug] [2018-06-20T14:03:10.259Z] <<< HTTP RESPONSE 200
[debug] [2018-06-20T14:03:10.274Z] >>> HTTP REQUEST GET https://admin.firebase.com/v1/projects/pwa-firebase-auth  
  
 Wed Jun 20 2018 19:33:10 GMT+0530 (IST)
[debug] [2018-06-20T14:03:11.655Z] <<< HTTP RESPONSE 200
[debug] [2018-06-20T14:03:11.656Z] >>> HTTP REQUEST GET https://admin.firebase.com/v1/database/pwa-firebase-auth/tokens  
  
 Wed Jun 20 2018 19:33:11 GMT+0530 (IST)
[debug] [2018-06-20T14:03:12.593Z] <<< HTTP RESPONSE 200
[debug] [2018-06-20T14:03:12.594Z] >>> HTTP REQUEST GET https://cloudresourcemanager.googleapis.com/v1/projects/pwa-firebase-auth  
  
 Wed Jun 20 2018 19:33:12 GMT+0530 (IST)
[debug] [2018-06-20T14:03:14.309Z] <<< HTTP RESPONSE 200
[info] 
[info] === Serving from '/Users/joel.joyson/Documents/firebase-auth-react/pwa-firebase-exp'...
[info] 
[debug] [2018-06-20T14:03:14.311Z] >>> HTTP REQUEST GET https://mobilesdk-pa.googleapis.com/v1/projects/311383812751/clients/_:getWebAppConfig  
  
 Wed Jun 20 2018 19:33:14 GMT+0530 (IST)
[debug] [2018-06-20T14:03:15.173Z] <<< HTTP RESPONSE 200
[info] i  hosting: Serving hosting files from: build
[info] ✔  hosting: Local server: http://localhost:5000

[debug] [2018-06-20T14:13:01.143Z] ----------------------------------------------------------------------
[debug] [2018-06-20T14:13:01.145Z] Command:       /usr/local/bin/node /usr/local/bin/firebase serve
[debug] [2018-06-20T14:13:01.145Z] CLI Version:   3.18.6
[debug] [2018-06-20T14:13:01.145Z] Platform:      darwin
[debug] [2018-06-20T14:13:01.145Z] Node Version:  v8.11.2
[debug] [2018-06-20T14:13:01.146Z] Time:          Wed Jun 20 2018 19:43:01 GMT+0530 (IST)
[debug] [2018-06-20T14:13:01.146Z] ----------------------------------------------------------------------
[debug] 
[debug] [2018-06-20T14:13:01.158Z] > command requires scopes: ["email","openid","https://www.googleapis.com/auth/cloudplatformprojects.readonly","https://www.googleapis.com/auth/firebase","https://www.googleapis.com/auth/cloud-platform"]
[debug] [2018-06-20T14:13:01.158Z] > authorizing via signed-in user
[debug] [2018-06-20T14:13:01.160Z] >>> HTTP REQUEST GET https://admin.firebase.com/v1/projects/pwa-firebase-auth  
  
 Wed Jun 20 2018 19:43:01 GMT+0530 (IST)
[debug] [2018-06-20T14:13:02.554Z] <<< HTTP RESPONSE 200
[debug] [2018-06-20T14:13:02.555Z] >>> HTTP REQUEST GET https://admin.firebase.com/v1/database/pwa-firebase-auth/tokens  
  
 Wed Jun 20 2018 19:43:02 GMT+0530 (IST)
[debug] [2018-06-20T14:13:03.588Z] <<< HTTP RESPONSE 200
[debug] [2018-06-20T14:13:03.589Z] >>> HTTP REQUEST GET https://cloudresourcemanager.googleapis.com/v1/projects/pwa-firebase-auth  
  
 Wed Jun 20 2018 19:43:03 GMT+0530 (IST)
[debug] [2018-06-20T14:13:05.283Z] <<< HTTP RESPONSE 200
[info] 
[info] === Serving from '/Users/joel.joyson/Documents/firebase-auth-react/pwa-firebase-exp'...
[info] 
[debug] [2018-06-20T14:13:05.285Z] >>> HTTP REQUEST GET https://mobilesdk-pa.googleapis.com/v1/projects/311383812751/clients/_:getWebAppConfig  
  
 Wed Jun 20 2018 19:43:05 GMT+0530 (IST)
[debug] [2018-06-20T14:13:06.044Z] <<< HTTP RESPONSE 200
[info] i  hosting: Serving hosting files from: build
[info] ✔  hosting: Local server: http://localhost:5000

[debug] [2018-06-20T14:18:37.094Z] ----------------------------------------------------------------------
[debug] [2018-06-20T14:18:37.096Z] Command:       /usr/local/bin/node /usr/local/bin/firebase serve
[debug] [2018-06-20T14:18:37.096Z] CLI Version:   3.18.6
[debug] [2018-06-20T14:18:37.096Z] Platform:      darwin
[debug] [2018-06-20T14:18:37.096Z] Node Version:  v8.11.2
[debug] [2018-06-20T14:18:37.097Z] Time:          Wed Jun 20 2018 19:48:37 GMT+0530 (IST)
[debug] [2018-06-20T14:18:37.097Z] ----------------------------------------------------------------------
[debug] 
[debug] [2018-06-20T14:18:37.107Z] > command requires scopes: ["email","openid","https://www.googleapis.com/auth/cloudplatformprojects.readonly","https://www.googleapis.com/auth/firebase","https://www.googleapis.com/auth/cloud-platform"]
[debug] [2018-06-20T14:18:37.107Z] > authorizing via signed-in user
[debug] [2018-06-20T14:18:37.109Z] >>> HTTP REQUEST GET https://admin.firebase.com/v1/projects/pwa-firebase-auth  
  
 Wed Jun 20 2018 19:48:37 GMT+0530 (IST)
[debug] [2018-06-20T14:18:38.445Z] <<< HTTP RESPONSE 200
[debug] [2018-06-20T14:18:38.446Z] >>> HTTP REQUEST GET https://admin.firebase.com/v1/database/pwa-firebase-auth/tokens  
  
 Wed Jun 20 2018 19:48:38 GMT+0530 (IST)
[debug] [2018-06-20T14:18:39.445Z] <<< HTTP RESPONSE 200
[debug] [2018-06-20T14:18:39.446Z] >>> HTTP REQUEST GET https://cloudresourcemanager.googleapis.com/v1/projects/pwa-firebase-auth  
  
 Wed Jun 20 2018 19:48:39 GMT+0530 (IST)
[debug] [2018-06-20T14:18:40.836Z] <<< HTTP RESPONSE 200
[info] 
[info] === Serving from '/Users/joel.joyson/Documents/firebase-auth-react/pwa-firebase-exp'...
[info] 
[debug] [2018-06-20T14:18:40.838Z] >>> HTTP REQUEST GET https://mobilesdk-pa.googleapis.com/v1/projects/311383812751/clients/_:getWebAppConfig  
  
 Wed Jun 20 2018 19:48:40 GMT+0530 (IST)
[debug] [2018-06-20T14:18:41.936Z] <<< HTTP RESPONSE 200
[info] i  hosting: Serving hosting files from: build
[info] ✔  hosting: Local server: http://localhost:5000

[debug] [2018-06-20T14:27:52.170Z] ----------------------------------------------------------------------
[debug] [2018-06-20T14:27:52.172Z] Command:       /usr/local/bin/node /usr/local/bin/firebase serve
[debug] [2018-06-20T14:27:52.172Z] CLI Version:   3.18.6
[debug] [2018-06-20T14:27:52.172Z] Platform:      darwin
[debug] [2018-06-20T14:27:52.172Z] Node Version:  v8.11.2
[debug] [2018-06-20T14:27:52.173Z] Time:          Wed Jun 20 2018 19:57:52 GMT+0530 (IST)
[debug] [2018-06-20T14:27:52.173Z] ----------------------------------------------------------------------
[debug] 
[debug] [2018-06-20T14:27:52.182Z] > command requires scopes: ["email","openid","https://www.googleapis.com/auth/cloudplatformprojects.readonly","https://www.googleapis.com/auth/firebase","https://www.googleapis.com/auth/cloud-platform"]
[debug] [2018-06-20T14:27:52.183Z] > authorizing via signed-in user
[debug] [2018-06-20T14:27:52.185Z] >>> HTTP REQUEST GET https://admin.firebase.com/v1/projects/pwa-firebase-auth  
  
 Wed Jun 20 2018 19:57:52 GMT+0530 (IST)
[debug] [2018-06-20T14:27:53.431Z] <<< HTTP RESPONSE 200
[debug] [2018-06-20T14:27:53.432Z] >>> HTTP REQUEST GET https://admin.firebase.com/v1/database/pwa-firebase-auth/tokens  
  
 Wed Jun 20 2018 19:57:53 GMT+0530 (IST)
[debug] [2018-06-20T14:27:54.476Z] <<< HTTP RESPONSE 200
[debug] [2018-06-20T14:27:54.477Z] >>> HTTP REQUEST GET https://cloudresourcemanager.googleapis.com/v1/projects/pwa-firebase-auth  
  
 Wed Jun 20 2018 19:57:54 GMT+0530 (IST)
[debug] [2018-06-20T14:27:56.238Z] <<< HTTP RESPONSE 200
[info] 
[info] === Serving from '/Users/joel.joyson/Documents/firebase-auth-react/pwa-firebase-exp'...
[info] 
[debug] [2018-06-20T14:27:56.240Z] >>> HTTP REQUEST GET https://mobilesdk-pa.googleapis.com/v1/projects/311383812751/clients/_:getWebAppConfig  
  
 Wed Jun 20 2018 19:57:56 GMT+0530 (IST)
[debug] [2018-06-20T14:27:57.001Z] <<< HTTP RESPONSE 200
[info] i  hosting: Serving hosting files from: build
[info] ✔  hosting: Local server: http://localhost:5000

